LCSCWorkoutApp/node_modules.old/@capacitor/android/capacitor/build/intermediates/manifest_merge_blame_file/debug/manifest-merger-blame-debug-report.txt
1<?xml version="1.0" encoding="utf-8"?>
2<manifest xmlns:android="http://schemas.android.com/apk/res/android"
3    package="com.getcapacitor.android"
4    android:versionCode="1"
5    android:versionName="1.0" >
6
7    <uses-sdk
8        android:minSdkVersion="21"
8-->src/main/AndroidManifest.xml
9        android:targetSdkVersion="28" />
9-->src/main/AndroidManifest.xml
10
11    <uses-feature
11-->src/main/AndroidManifest.xml:4:5-5:36
12        android:name="android.hardware.camera"
12-->src/main/AndroidManifest.xml:4:19-57
13        android:required="false" />
13-->src/main/AndroidManifest.xml:5:9-33
14
15    <application>
15-->src/main/AndroidManifest.xml:7:5-17:19
16        <service
16-->src/main/AndroidManifest.xml:8:9-117
17            android:name="com.getcapacitor.plugin.background.BackgroundTaskService"
17-->src/main/AndroidManifest.xml:8:18-89
18            android:exported="false" />
18-->src/main/AndroidManifest.xml:8:90-114
19
20        <receiver android:name="com.getcapacitor.plugin.notification.TimedNotificationPublisher" />
20-->src/main/AndroidManifest.xml:9:9-100
20-->src/main/AndroidManifest.xml:9:19-97
21        <receiver android:name="com.getcapacitor.plugin.notification.NotificationDismissReceiver" />
21-->src/main/AndroidManifest.xml:10:9-101
21-->src/main/AndroidManifest.xml:10:19-98
22
23        <meta-data
23-->src/main/AndroidManifest.xml:11:9-96
24            android:name="firebase_messaging_auto_init_enabled"
24-->src/main/AndroidManifest.xml:11:20-71
25            android:value="false" />
25-->src/main/AndroidManifest.xml:11:72-93
26
27        <service
27-->src/main/AndroidManifest.xml:12:9-16:19
28            android:name="com.getcapacitor.CapacitorFirebaseMessagingService"
28-->src/main/AndroidManifest.xml:12:18-83
29            android:stopWithTask="false" >
29-->src/main/AndroidManifest.xml:12:84-112
30            <intent-filter>
30-->src/main/AndroidManifest.xml:13:13-15:29
31                <action android:name="com.google.firebase.MESSAGING_EVENT" />
31-->src/main/AndroidManifest.xml:14:17-78
31-->src/main/AndroidManifest.xml:14:25-75
32            </intent-filter>
33        </service>
34    </application>
35
36</manifest>